[debug] [2023-07-19T03:01:41.450Z] ----------------------------------------------------------------------
[debug] [2023-07-19T03:01:41.454Z] Command:       C:\Program Files\nodejs\node.exe C:\Users\DELL\AppData\Roaming\npm\node_modules\firebase-tools\lib\bin\firebase.js projects:list
[debug] [2023-07-19T03:01:41.455Z] CLI Version:   12.4.4
[debug] [2023-07-19T03:01:41.455Z] Platform:      win32
[debug] [2023-07-19T03:01:41.455Z] Node Version:  v18.16.1
[debug] [2023-07-19T03:01:41.457Z] Time:          Tue Jul 18 2023 20:01:41 GMT-0700 (Pacific Daylight Time)
[debug] [2023-07-19T03:01:41.457Z] ----------------------------------------------------------------------
[debug] 
[debug] [2023-07-19T03:01:41.560Z] > command requires scopes: ["email","openid","https://www.googleapis.com/auth/cloudplatformprojects.readonly","https://www.googleapis.com/auth/firebase","https://www.googleapis.com/auth/cloud-platform"]
[debug] [2023-07-19T03:01:41.562Z] > authorizing via signed-in user (zahidhasanhridoy.coderstrust@gmail.com)
[debug] [2023-07-19T03:01:41.571Z] > refreshing access token with scopes: []
[debug] [2023-07-19T03:01:41.574Z] >>> [apiv2][query] POST https://www.googleapis.com/oauth2/v3/token [none]
[debug] [2023-07-19T03:01:41.575Z] >>> [apiv2][body] POST https://www.googleapis.com/oauth2/v3/token [omitted]
[debug] [2023-07-19T03:01:41.869Z] <<< [apiv2][status] POST https://www.googleapis.com/oauth2/v3/token 400
[debug] [2023-07-19T03:01:41.869Z] <<< [apiv2][body] POST https://www.googleapis.com/oauth2/v3/token [omitted]
[debug] [2023-07-19T03:01:41.870Z] >>> [apiv2][query] GET https://firebase.googleapis.com/v1beta1/projects pageSize=1000
[debug] [2023-07-19T03:01:42.327Z] <<< [apiv2][status] GET https://firebase.googleapis.com/v1beta1/projects 401
[debug] [2023-07-19T03:01:42.327Z] <<< [apiv2][body] GET https://firebase.googleapis.com/v1beta1/projects [omitted]
[debug] [2023-07-19T03:01:42.328Z] HTTP Error: 401, Request had invalid authentication credentials. Expected OAuth 2 access token, login cookie or other valid authentication credential. See https://developers.google.com/identity/sign-in/web/devconsole-project.
[debug] [2023-07-19T03:01:42.573Z] FirebaseError: HTTP Error: 401, Request had invalid authentication credentials. Expected OAuth 2 access token, login cookie or other valid authentication credential. See https://developers.google.com/identity/sign-in/web/devconsole-project.
    at responseToError (C:\Users\DELL\AppData\Roaming\npm\node_modules\firebase-tools\lib\responseToError.js:49:12)
    at RetryOperation._fn (C:\Users\DELL\AppData\Roaming\npm\node_modules\firebase-tools\lib\apiv2.js:289:77)
    at process.processTicksAndRejections (node:internal/process/task_queues:95:5)
[error] 
[error] Error: Failed to list Firebase projects. See firebase-debug.log for more info.
